<?xml version="1.0" encoding="UTF-8"?>
<!-- Generated by org.testng.reporters.JUnitReportReporter -->
<testsuite skipped="0" hostname="MANOJSU02" name="frm.testng.TestNG2" tests="2" failures="0" timestamp="18 Mar 2018 09:51:02 GMT" time="0.016" errors="0">
  <testcase name="testNG2Test5" time="0.000" classname="frm.testng.TestNG2"/>
  <testcase name="testNG2Test1" time="0.016" classname="frm.testng.TestNG2"/>
</testsuite> <!-- frm.testng.TestNG2 -->
