<?xml version="1.0" encoding="UTF-8"?>
<!-- Generated by org.testng.reporters.JUnitReportReporter -->
<testsuite hostname="You-PC" name="frm.testng.TestNG1" tests="5" failures="0" timestamp="2 May 2015 06:21:53 GMT" time="0.013" errors="0">
  <testcase name="testCase2" time="0.003" classname="frm.testng.TestNG1"/>
  <testcase name="testCase5" time="0.000" classname="frm.testng.TestNG1"/>
  <testcase name="testCase4" time="0.000" classname="frm.testng.TestNG1"/>
  <testcase name="testCase3" time="0.002" classname="frm.testng.TestNG1"/>
  <testcase name="testCase1" time="0.008" classname="frm.testng.TestNG1"/>
</testsuite> <!-- frm.testng.TestNG1 -->
